<?xml version="1.0" encoding="UTF-8"?>
<!-- Generated by org.testng.reporters.JUnitReportReporter -->
<testsuite hostname="SK" failures="0" tests="3" name="SKAutomation.Tests.StandAloneTest" time="12.249" errors="0" timestamp="2025-08-21T10:59:43 IST" skipped="0">
  <testcase classname="SKAutomation.Tests.StandAloneTest" name="OrderHistoryTest" time="3.854"/>
  <system-out/>
  <testcase classname="SKAutomation.Tests.StandAloneTest" name="TestCases" time="4.248"/>
  <system-out/>
  <testcase classname="SKAutomation.Tests.StandAloneTest" name="TestCases" time="4.147"/>
  <system-out/>
</testsuite> <!-- SKAutomation.Tests.StandAloneTest -->
